[debug] [2020-03-17T08:39:57.207Z] ----------------------------------------------------------------------
[debug] [2020-03-17T08:39:57.209Z] Command:       /usr/local/bin/node /usr/local/bin/firebase serve
[debug] [2020-03-17T08:39:57.209Z] CLI Version:   7.15.0
[debug] [2020-03-17T08:39:57.209Z] Platform:      darwin
[debug] [2020-03-17T08:39:57.209Z] Node Version:  v10.16.0
[debug] [2020-03-17T08:39:57.210Z] Time:          Tue Mar 17 2020 09:39:57 GMT+0100 (Central European Standard Time)
[debug] [2020-03-17T08:39:57.210Z] ----------------------------------------------------------------------
[debug] [2020-03-17T08:39:57.210Z] 
[debug] [2020-03-17T08:39:57.217Z] > command requires scopes: ["email","openid","https://www.googleapis.com/auth/cloudplatformprojects.readonly","https://www.googleapis.com/auth/firebase","https://www.googleapis.com/auth/cloud-platform"]
[debug] [2020-03-17T08:39:57.218Z] > authorizing via signed-in user
[debug] [2020-03-17T08:39:57.218Z] [iam] checking project monjid-5154d for permissions ["firebase.projects.get"]
[debug] [2020-03-17T08:39:57.219Z] >>> HTTP REQUEST POST https://cloudresourcemanager.googleapis.com/v1/projects/monjid-5154d:testIamPermissions  

[debug] [2020-03-17T08:39:58.124Z] <<< HTTP RESPONSE 200
[debug] [2020-03-17T08:39:58.126Z] >>> HTTP REQUEST GET https://firebase.googleapis.com/v1beta1/projects/monjid-5154d  
 
[debug] [2020-03-17T08:39:58.391Z] <<< HTTP RESPONSE 200
[info] 
[info] === Serving from '/Users/macbookdev/Documents/dz/corona-dz-vuejs'...
[info] 
[debug] [2020-03-17T08:39:58.395Z] >>> HTTP REQUEST GET https://firebase.googleapis.com/v1beta1/projects/monjid-5154d/webApps/-/config  
 
[debug] [2020-03-17T08:39:59.048Z] <<< HTTP RESPONSE 200
[warn] ⚠  hosting: Port 5000 is not available. Trying another port...
[info] i  hosting: Serving hosting files from: dist
[info] ✔  hosting: Local server: http://localhost:5005
